C:\ANDRE CUNHA\PROJECTS\CORSIM OUT\CORSIMTS0\RELEASE\CORSIMTS0.PCH
C:\ANDRE CUNHA\PROJECTS\CORSIM OUT\CORSIMTS0\RELEASE\STDAFX.OBJ
C:\ANDRE CUNHA\PROJECTS\CORSIM OUT\CORSIMTS0\RELEASE\VC110.PDB
C:\ANDRE CUNHA\PROJECTS\CORSIM OUT\CORSIMTS0\RELEASE\MYFORM.OBJ
C:\ANDRE CUNHA\PROJECTS\CORSIM OUT\CORSIMTS0\RELEASE\CORSIMTS0.OBJ
C:\ANDRE CUNHA\PROJECTS\CORSIM OUT\CORSIMTS0\RELEASE\ASSEMBLYINFO.OBJ
C:\ANDRE CUNHA\PROJECTS\CORSIM OUT\CORSIMTS0\RELEASE\TS0.OBJ
C:\ANDRE CUNHA\PROJECTS\CORSIM OUT\CORSIMTS0\RELEASE\.NETFRAMEWORK,VERSION=V4.5.ASSEMBLYATTRIBUTES.OBJ
C:\Andre Cunha\Projects\CORSIM OUT\corsimTS0\Release\corsimTS0.MyForm.resources
C:\ANDRE CUNHA\PROJECTS\CORSIM OUT\RELEASE\CORSIMTS0.EXE
C:\ANDRE CUNHA\PROJECTS\CORSIM OUT\RELEASE\CORSIMTS0.PDB
C:\ANDRE CUNHA\PROJECTS\CORSIM OUT\CORSIMTS0\RELEASE\APP.RES
C:\Andre Cunha\Projects\CORSIM OUT\corsimTS0\Release\corsimTS0.vcxproj.GenerateResource.Cache
C:\Andre Cunha\Projects\CORSIM OUT\corsimTS0\Release\.NETFramework,Version=v4.5.AssemblyAttributes.obj
C:\Andre Cunha\Projects\CORSIM OUT\corsimTS0\Release\AssemblyInfo.obj
C:\Andre Cunha\Projects\CORSIM OUT\corsimTS0\Release\corsimTS0.obj
C:\Andre Cunha\Projects\CORSIM OUT\corsimTS0\Release\MyForm.obj
C:\Andre Cunha\Projects\CORSIM OUT\corsimTS0\Release\stdafx.obj
C:\Andre Cunha\Projects\CORSIM OUT\corsimTS0\Release\ts0.obj
C:\Andre Cunha\Projects\CORSIM OUT\corsimTS0\Release\cl.command.1.tlog
C:\Andre Cunha\Projects\CORSIM OUT\corsimTS0\Release\CL.read.1.tlog
C:\Andre Cunha\Projects\CORSIM OUT\corsimTS0\Release\CL.write.1.tlog
C:\Andre Cunha\Projects\CORSIM OUT\corsimTS0\Release\corsimTS0.write.1.tlog
C:\Andre Cunha\Projects\CORSIM OUT\corsimTS0\Release\link-cvtres.read.1.tlog
C:\Andre Cunha\Projects\CORSIM OUT\corsimTS0\Release\link-cvtres.write.1.tlog
C:\Andre Cunha\Projects\CORSIM OUT\corsimTS0\Release\link-rc.read.1.tlog
C:\Andre Cunha\Projects\CORSIM OUT\corsimTS0\Release\link-rc.write.1.tlog
C:\Andre Cunha\Projects\CORSIM OUT\corsimTS0\Release\link.command.1.tlog
C:\Andre Cunha\Projects\CORSIM OUT\corsimTS0\Release\link.read.1.tlog
C:\Andre Cunha\Projects\CORSIM OUT\corsimTS0\Release\link.write.1.tlog
C:\Andre Cunha\Projects\CORSIM OUT\corsimTS0\Release\metagen.read.1.tlog
C:\Andre Cunha\Projects\CORSIM OUT\corsimTS0\Release\metagen.write.1.tlog
C:\Andre Cunha\Projects\CORSIM OUT\corsimTS0\Release\rc.command.1.tlog
C:\Andre Cunha\Projects\CORSIM OUT\corsimTS0\Release\rc.read.1.tlog
C:\Andre Cunha\Projects\CORSIM OUT\corsimTS0\Release\rc.write.1.tlog
C:\Andre Cunha\Projects\CORSIM OUT\corsimTS0\Release\app.res
C:\Andre Cunha\Projects\CORSIM OUT\corsimTS0\Release\corsimTS0.pch
C:\Andre Cunha\Projects\CORSIM OUT\corsimTS0\Release\vc110.pdb
C:\Andre Cunha\Projects\CORSIM OUT\corsimTS0\Release\GBPINJ.DLL.bi
C:\Andre Cunha\Projects\CORSIM OUT\corsimTS0\Release\RSAENH.DLL.bi
C:\Andre Cunha\Projects\CORSIM OUT\corsimTS0\Release\TZRES.DLL.bi
C:\Andre Cunha\Projects\CORSIM OUT\Release\corsimTS0.pdb
C:\Andre Cunha\Projects\CORSIM OUT\Release\corsimTS0.exe
